<?xml version="1.0" encoding="UTF-8"?>
<testng-results ignored="0" total="12" passed="10" failed="2" skipped="0">
  <reporter-output>
  </reporter-output>
  <suite started-at="2023-12-31T15:12:59 IST" name="Suite" finished-at="2023-12-31T15:12:59 IST" duration-ms="0">
    <groups>
    </groups>
  </suite> <!-- Suite -->
  <suite started-at="2023-12-31T15:12:38 IST" name="SuiteA" finished-at="2023-12-31T15:12:43 IST" duration-ms="4523">
    <groups>
      <group name="browserGroup1">
        <method signature="TestA.testA(java.lang.String,java.lang.String,java.lang.String)[pri:0, instance:suiteA.TestA@47542153]" name="testA" class="suiteA.TestA"/>
        <method signature="TestAA.testAA(java.lang.String,java.lang.String,java.lang.String)[pri:0, instance:suiteA.TestAA@be64738]" name="testAA" class="suiteA.TestAA"/>
      </group> <!-- browserGroup1 -->
      <group name="smoke">
        <method signature="TestAA.testAA(java.lang.String,java.lang.String,java.lang.String)[pri:0, instance:suiteA.TestAA@be64738]" name="testAA" class="suiteA.TestAA"/>
      </group> <!-- smoke -->
      <group name="sanity">
        <method signature="TestA.testA(java.lang.String,java.lang.String,java.lang.String)[pri:0, instance:suiteA.TestA@47542153]" name="testA" class="suiteA.TestA"/>
        <method signature="TestAA.testAA(java.lang.String,java.lang.String,java.lang.String)[pri:0, instance:suiteA.TestAA@be64738]" name="testAA" class="suiteA.TestAA"/>
      </group> <!-- sanity -->
    </groups>
    <test started-at="2023-12-31T15:12:38 IST" name="TestA" finished-at="2023-12-31T15:12:43 IST" duration-ms="4480">
      <class name="suiteA.TestA">
        <test-method is-config="true" signature="init(org.testng.ITestContext,org.testng.ITestResult)[pri:0, instance:suiteA.TestA@47542153]" started-at="2023-12-31T15:12:38 IST" name="init" finished-at="2023-12-31T15:12:39 IST" duration-ms="180" status="PASS">
          <params>
            <param index="0">
              <value>
                <![CDATA[org.testng.TestRunner@18245eb0]]>
              </value>
            </param>
            <param index="1">
              <value>
                <![CDATA[[TestResult name={null} status=CREATED method=TestA.testA(java.lang.String,java.lang.String,java.lang.String)[pri:0, instance:suiteA.TestA@47542153] output={null}]]]>
              </value>
            </param>
          </params>
          <reporter-output>
          </reporter-output>
        </test-method> <!-- init -->
        <test-method signature="testA(java.lang.String,java.lang.String,java.lang.String)[pri:0, instance:suiteA.TestA@47542153]" started-at="2023-12-31T15:12:39 IST" name="testA" data-provider="datasuiteA" finished-at="2023-12-31T15:12:41 IST" duration-ms="2025" status="FAIL">
          <params>
            <param index="0">
              <value>
                <![CDATA[chrome]]>
              </value>
            </param>
            <param index="1">
              <value>
                <![CDATA[U1]]>
              </value>
            </param>
            <param index="2">
              <value>
                <![CDATA[P1]]>
              </value>
            </param>
          </params>
          <exception class="java.lang.AssertionError">
            <message>
              <![CDATA[The following asserts failed:
Title Do not match,
Failing and stopping the test case]]>
            </message>
            <full-stacktrace>
              <![CDATA[java.lang.AssertionError: The following asserts failed:
Title Do not match,
Failing and stopping the test case
at org.testng.asserts.SoftAssert.assertAll(SoftAssert.java:47)
at org.testng.asserts.SoftAssert.assertAll(SoftAssert.java:31)
at testSuiteBase.testbase.failandstoptest(testbase.java:67)
at suiteA.TestA.testA(TestA.java:28)
at java.base/jdk.internal.reflect.DirectMethodHandleAccessor.invoke(DirectMethodHandleAccessor.java:104)
at java.base/java.lang.reflect.Method.invoke(Method.java:578)
at org.testng.internal.MethodInvocationHelper.invokeMethod(MethodInvocationHelper.java:133)
at org.testng.internal.TestInvoker.invokeMethod(TestInvoker.java:598)
at org.testng.internal.TestInvoker.invokeTestMethod(TestInvoker.java:173)
at org.testng.internal.MethodRunner.runInSequence(MethodRunner.java:46)
at org.testng.internal.TestInvoker$MethodInvocationAgent.invoke(TestInvoker.java:824)
at org.testng.internal.TestInvoker.invokeTestMethods(TestInvoker.java:146)
at org.testng.internal.TestMethodWorker.invokeTestMethods(TestMethodWorker.java:146)
at org.testng.internal.TestMethodWorker.run(TestMethodWorker.java:128)
at java.base/java.util.ArrayList.forEach(ArrayList.java:1511)
at org.testng.TestRunner.privateRun(TestRunner.java:794)
at org.testng.TestRunner.run(TestRunner.java:596)
at org.testng.SuiteRunner.runTest(SuiteRunner.java:377)
at org.testng.SuiteRunner.runSequentially(SuiteRunner.java:371)
at org.testng.SuiteRunner.privateRun(SuiteRunner.java:332)
at org.testng.SuiteRunner.run(SuiteRunner.java:276)
at org.testng.SuiteRunnerWorker.runSuite(SuiteRunnerWorker.java:53)
at org.testng.SuiteRunnerWorker.run(SuiteRunnerWorker.java:96)
at org.testng.TestNG.runSuitesSequentially(TestNG.java:1212)
at org.testng.TestNG.runSuitesSequentially(TestNG.java:1207)
at org.testng.TestNG.runSuitesLocally(TestNG.java:1134)
at org.testng.TestNG.runSuites(TestNG.java:1063)
at org.testng.TestNG.run(TestNG.java:1031)
at org.apache.maven.surefire.testng.TestNGExecutor.run(TestNGExecutor.java:308)
at org.apache.maven.surefire.testng.TestNGXmlTestSuite.execute(TestNGXmlTestSuite.java:71)
at org.apache.maven.surefire.testng.TestNGProvider.invoke(TestNGProvider.java:113)
at org.apache.maven.surefire.booter.ForkedBooter.runSuitesInProcess(ForkedBooter.java:385)
at org.apache.maven.surefire.booter.ForkedBooter.execute(ForkedBooter.java:162)
at org.apache.maven.surefire.booter.ForkedBooter.run(ForkedBooter.java:507)
at org.apache.maven.surefire.booter.ForkedBooter.main(ForkedBooter.java:495)
]]>
            </full-stacktrace>
          </exception> <!-- java.lang.AssertionError -->
          <reporter-output>
          </reporter-output>
        </test-method> <!-- testA -->
        <test-method is-config="true" signature="quit()[pri:0, instance:suiteA.TestA@47542153]" started-at="2023-12-31T15:12:41 IST" name="quit" finished-at="2023-12-31T15:12:41 IST" duration-ms="220" status="PASS">
          <reporter-output>
          </reporter-output>
        </test-method> <!-- quit -->
        <test-method is-config="true" signature="init(org.testng.ITestContext,org.testng.ITestResult)[pri:0, instance:suiteA.TestA@47542153]" started-at="2023-12-31T15:12:41 IST" name="init" finished-at="2023-12-31T15:12:41 IST" duration-ms="0" status="PASS">
          <params>
            <param index="0">
              <value>
                <![CDATA[org.testng.TestRunner@18245eb0]]>
              </value>
            </param>
            <param index="1">
              <value>
                <![CDATA[[TestResult name={null} status=CREATED method=TestA.testA(java.lang.String,java.lang.String,java.lang.String)[pri:0, instance:suiteA.TestA@47542153] output={null}]]]>
              </value>
            </param>
          </params>
          <reporter-output>
          </reporter-output>
        </test-method> <!-- init -->
        <test-method signature="testA(java.lang.String,java.lang.String,java.lang.String)[pri:0, instance:suiteA.TestA@47542153]" started-at="2023-12-31T15:12:41 IST" name="testA" data-provider="datasuiteA" finished-at="2023-12-31T15:12:43 IST" duration-ms="2006" status="FAIL">
          <params>
            <param index="0">
              <value>
                <![CDATA[Mozilla]]>
              </value>
            </param>
            <param index="1">
              <value>
                <![CDATA[U1]]>
              </value>
            </param>
            <param index="2">
              <value>
                <![CDATA[P1]]>
              </value>
            </param>
          </params>
          <exception class="java.lang.AssertionError">
            <message>
              <![CDATA[The following asserts failed:
Title Do not match,
Failing and stopping the test case]]>
            </message>
            <full-stacktrace>
              <![CDATA[java.lang.AssertionError: The following asserts failed:
Title Do not match,
Failing and stopping the test case
at org.testng.asserts.SoftAssert.assertAll(SoftAssert.java:47)
at org.testng.asserts.SoftAssert.assertAll(SoftAssert.java:31)
at testSuiteBase.testbase.failandstoptest(testbase.java:67)
at suiteA.TestA.testA(TestA.java:28)
at java.base/jdk.internal.reflect.DirectMethodHandleAccessor.invoke(DirectMethodHandleAccessor.java:104)
at java.base/java.lang.reflect.Method.invoke(Method.java:578)
at org.testng.internal.MethodInvocationHelper.invokeMethod(MethodInvocationHelper.java:133)
at org.testng.internal.TestInvoker.invokeMethod(TestInvoker.java:598)
at org.testng.internal.TestInvoker.invokeTestMethod(TestInvoker.java:173)
at org.testng.internal.MethodRunner.runInSequence(MethodRunner.java:46)
at org.testng.internal.TestInvoker$MethodInvocationAgent.invoke(TestInvoker.java:824)
at org.testng.internal.TestInvoker.invokeTestMethods(TestInvoker.java:146)
at org.testng.internal.TestMethodWorker.invokeTestMethods(TestMethodWorker.java:146)
at org.testng.internal.TestMethodWorker.run(TestMethodWorker.java:128)
at java.base/java.util.ArrayList.forEach(ArrayList.java:1511)
at org.testng.TestRunner.privateRun(TestRunner.java:794)
at org.testng.TestRunner.run(TestRunner.java:596)
at org.testng.SuiteRunner.runTest(SuiteRunner.java:377)
at org.testng.SuiteRunner.runSequentially(SuiteRunner.java:371)
at org.testng.SuiteRunner.privateRun(SuiteRunner.java:332)
at org.testng.SuiteRunner.run(SuiteRunner.java:276)
at org.testng.SuiteRunnerWorker.runSuite(SuiteRunnerWorker.java:53)
at org.testng.SuiteRunnerWorker.run(SuiteRunnerWorker.java:96)
at org.testng.TestNG.runSuitesSequentially(TestNG.java:1212)
at org.testng.TestNG.runSuitesSequentially(TestNG.java:1207)
at org.testng.TestNG.runSuitesLocally(TestNG.java:1134)
at org.testng.TestNG.runSuites(TestNG.java:1063)
at org.testng.TestNG.run(TestNG.java:1031)
at org.apache.maven.surefire.testng.TestNGExecutor.run(TestNGExecutor.java:308)
at org.apache.maven.surefire.testng.TestNGXmlTestSuite.execute(TestNGXmlTestSuite.java:71)
at org.apache.maven.surefire.testng.TestNGProvider.invoke(TestNGProvider.java:113)
at org.apache.maven.surefire.booter.ForkedBooter.runSuitesInProcess(ForkedBooter.java:385)
at org.apache.maven.surefire.booter.ForkedBooter.execute(ForkedBooter.java:162)
at org.apache.maven.surefire.booter.ForkedBooter.run(ForkedBooter.java:507)
at org.apache.maven.surefire.booter.ForkedBooter.main(ForkedBooter.java:495)
]]>
            </full-stacktrace>
          </exception> <!-- java.lang.AssertionError -->
          <reporter-output>
          </reporter-output>
        </test-method> <!-- testA -->
        <test-method is-config="true" signature="quit()[pri:0, instance:suiteA.TestA@47542153]" started-at="2023-12-31T15:12:43 IST" name="quit" finished-at="2023-12-31T15:12:43 IST" duration-ms="7" status="PASS">
          <reporter-output>
          </reporter-output>
        </test-method> <!-- quit -->
      </class> <!-- suiteA.TestA -->
    </test> <!-- TestA -->
    <test started-at="2023-12-31T15:12:43 IST" name="TestAA" finished-at="2023-12-31T15:12:43 IST" duration-ms="17">
      <class name="suiteA.TestAA">
        <test-method signature="testAA(java.lang.String,java.lang.String,java.lang.String)[pri:0, instance:suiteA.TestAA@be64738]" started-at="2023-12-31T15:12:43 IST" name="testAA" data-provider="datasuiteA" finished-at="2023-12-31T15:12:43 IST" duration-ms="0" status="PASS">
          <params>
            <param index="0">
              <value>
                <![CDATA[Firefox]]>
              </value>
            </param>
            <param index="1">
              <value>
                <![CDATA[U1]]>
              </value>
            </param>
            <param index="2">
              <value>
                <![CDATA[P1]]>
              </value>
            </param>
          </params>
          <reporter-output>
          </reporter-output>
        </test-method> <!-- testAA -->
        <test-method is-config="true" signature="init(org.testng.ITestContext,org.testng.ITestResult)[pri:0, instance:suiteA.TestAA@be64738]" started-at="2023-12-31T15:12:43 IST" name="init" finished-at="2023-12-31T15:12:43 IST" duration-ms="0" status="PASS">
          <params>
            <param index="0">
              <value>
                <![CDATA[org.testng.TestRunner@18f20260]]>
              </value>
            </param>
            <param index="1">
              <value>
                <![CDATA[[TestResult name={null} status=CREATED method=TestAA.testAA(java.lang.String,java.lang.String,java.lang.String)[pri:0, instance:suiteA.TestAA@be64738] output={null}]]]>
              </value>
            </param>
          </params>
          <reporter-output>
          </reporter-output>
        </test-method> <!-- init -->
        <test-method is-config="true" signature="quit()[pri:0, instance:suiteA.TestAA@be64738]" started-at="2023-12-31T15:12:43 IST" name="quit" finished-at="2023-12-31T15:12:43 IST" duration-ms="7" status="PASS">
          <reporter-output>
          </reporter-output>
        </test-method> <!-- quit -->
        <test-method signature="testAA(java.lang.String,java.lang.String,java.lang.String)[pri:0, instance:suiteA.TestAA@be64738]" started-at="2023-12-31T15:12:43 IST" name="testAA" data-provider="datasuiteA" finished-at="2023-12-31T15:12:43 IST" duration-ms="0" status="PASS">
          <params>
            <param index="0">
              <value>
                <![CDATA[Ie]]>
              </value>
            </param>
            <param index="1">
              <value>
                <![CDATA[U1]]>
              </value>
            </param>
            <param index="2">
              <value>
                <![CDATA[P1]]>
              </value>
            </param>
          </params>
          <reporter-output>
          </reporter-output>
        </test-method> <!-- testAA -->
        <test-method is-config="true" signature="init(org.testng.ITestContext,org.testng.ITestResult)[pri:0, instance:suiteA.TestAA@be64738]" started-at="2023-12-31T15:12:43 IST" name="init" finished-at="2023-12-31T15:12:43 IST" duration-ms="0" status="PASS">
          <params>
            <param index="0">
              <value>
                <![CDATA[org.testng.TestRunner@18f20260]]>
              </value>
            </param>
            <param index="1">
              <value>
                <![CDATA[[TestResult name={null} status=CREATED method=TestAA.testAA(java.lang.String,java.lang.String,java.lang.String)[pri:0, instance:suiteA.TestAA@be64738] output={null}]]]>
              </value>
            </param>
          </params>
          <reporter-output>
          </reporter-output>
        </test-method> <!-- init -->
        <test-method is-config="true" signature="quit()[pri:0, instance:suiteA.TestAA@be64738]" started-at="2023-12-31T15:12:43 IST" name="quit" finished-at="2023-12-31T15:12:43 IST" duration-ms="8" status="PASS">
          <reporter-output>
          </reporter-output>
        </test-method> <!-- quit -->
      </class> <!-- suiteA.TestAA -->
    </test> <!-- TestAA -->
  </suite> <!-- SuiteA -->
  <suite started-at="2023-12-31T15:12:43 IST" name="SuiteB" finished-at="2023-12-31T15:12:51 IST" duration-ms="8092">
    <groups>
      <group name="browserGroup1">
        <method signature="TestBB.testBB(java.lang.String,java.lang.String,java.lang.String)[pri:0, instance:suiteB.TestBB@3e2e18f2]" name="testBB" class="suiteB.TestBB"/>
      </group> <!-- browserGroup1 -->
      <group name="browserGroup2">
        <method signature="TestB.testB(java.lang.String,java.lang.String,java.lang.String)[pri:0, instance:suiteB.TestB@4a22f9e2]" name="testB" class="suiteB.TestB"/>
      </group> <!-- browserGroup2 -->
      <group name="smoke">
        <method signature="TestB.testB(java.lang.String,java.lang.String,java.lang.String)[pri:0, instance:suiteB.TestB@4a22f9e2]" name="testB" class="suiteB.TestB"/>
        <method signature="TestBB.testBB(java.lang.String,java.lang.String,java.lang.String)[pri:0, instance:suiteB.TestBB@3e2e18f2]" name="testBB" class="suiteB.TestBB"/>
      </group> <!-- smoke -->
      <group name="sanity">
        <method signature="TestBB.testBB(java.lang.String,java.lang.String,java.lang.String)[pri:0, instance:suiteB.TestBB@3e2e18f2]" name="testBB" class="suiteB.TestBB"/>
      </group> <!-- sanity -->
    </groups>
    <test started-at="2023-12-31T15:12:43 IST" name="TestB" finished-at="2023-12-31T15:12:47 IST" duration-ms="4055">
      <class name="suiteB.TestB">
        <test-method is-config="true" signature="init(org.testng.ITestContext,org.testng.ITestResult)[pri:0, instance:suiteB.TestB@4a22f9e2]" started-at="2023-12-31T15:12:43 IST" name="init" finished-at="2023-12-31T15:12:43 IST" duration-ms="0" status="PASS">
          <params>
            <param index="0">
              <value>
                <![CDATA[org.testng.TestRunner@b40bb6e]]>
              </value>
            </param>
            <param index="1">
              <value>
                <![CDATA[[TestResult name={null} status=CREATED method=TestB.testB(java.lang.String,java.lang.String,java.lang.String)[pri:0, instance:suiteB.TestB@4a22f9e2] output={null}]]]>
              </value>
            </param>
          </params>
          <reporter-output>
          </reporter-output>
        </test-method> <!-- init -->
        <test-method signature="testB(java.lang.String,java.lang.String,java.lang.String)[pri:0, instance:suiteB.TestB@4a22f9e2]" started-at="2023-12-31T15:12:43 IST" name="testB" data-provider="datasuiteB" finished-at="2023-12-31T15:12:45 IST" duration-ms="2007" status="PASS">
          <params>
            <param index="0">
              <value>
                <![CDATA[mozilla]]>
              </value>
            </param>
            <param index="1">
              <value>
                <![CDATA[U1]]>
              </value>
            </param>
            <param index="2">
              <value>
                <![CDATA[P1]]>
              </value>
            </param>
          </params>
          <reporter-output>
          </reporter-output>
        </test-method> <!-- testB -->
        <test-method is-config="true" signature="quit()[pri:0, instance:suiteB.TestB@4a22f9e2]" started-at="2023-12-31T15:12:45 IST" name="quit" finished-at="2023-12-31T15:12:45 IST" duration-ms="10" status="PASS">
          <reporter-output>
          </reporter-output>
        </test-method> <!-- quit -->
        <test-method is-config="true" signature="init(org.testng.ITestContext,org.testng.ITestResult)[pri:0, instance:suiteB.TestB@4a22f9e2]" started-at="2023-12-31T15:12:45 IST" name="init" finished-at="2023-12-31T15:12:45 IST" duration-ms="0" status="PASS">
          <params>
            <param index="0">
              <value>
                <![CDATA[org.testng.TestRunner@b40bb6e]]>
              </value>
            </param>
            <param index="1">
              <value>
                <![CDATA[[TestResult name={null} status=CREATED method=TestB.testB(java.lang.String,java.lang.String,java.lang.String)[pri:0, instance:suiteB.TestB@4a22f9e2] output={null}]]]>
              </value>
            </param>
          </params>
          <reporter-output>
          </reporter-output>
        </test-method> <!-- init -->
        <test-method signature="testB(java.lang.String,java.lang.String,java.lang.String)[pri:0, instance:suiteB.TestB@4a22f9e2]" started-at="2023-12-31T15:12:45 IST" name="testB" data-provider="datasuiteB" finished-at="2023-12-31T15:12:47 IST" duration-ms="2006" status="PASS">
          <params>
            <param index="0">
              <value>
                <![CDATA[chrome]]>
              </value>
            </param>
            <param index="1">
              <value>
                <![CDATA[U1]]>
              </value>
            </param>
            <param index="2">
              <value>
                <![CDATA[P1]]>
              </value>
            </param>
          </params>
          <reporter-output>
          </reporter-output>
        </test-method> <!-- testB -->
        <test-method is-config="true" signature="quit()[pri:0, instance:suiteB.TestB@4a22f9e2]" started-at="2023-12-31T15:12:47 IST" name="quit" finished-at="2023-12-31T15:12:47 IST" duration-ms="29" status="PASS">
          <reporter-output>
          </reporter-output>
        </test-method> <!-- quit -->
      </class> <!-- suiteB.TestB -->
    </test> <!-- TestB -->
    <test started-at="2023-12-31T15:12:47 IST" name="TestBB" finished-at="2023-12-31T15:12:51 IST" duration-ms="4032">
      <class name="suiteB.TestBB">
        <test-method signature="testBB(java.lang.String,java.lang.String,java.lang.String)[pri:0, instance:suiteB.TestBB@3e2e18f2]" started-at="2023-12-31T15:12:47 IST" name="testBB" data-provider="datasuiteB" finished-at="2023-12-31T15:12:49 IST" duration-ms="2004" status="PASS">
          <params>
            <param index="0">
              <value>
                <![CDATA[chrome]]>
              </value>
            </param>
            <param index="1">
              <value>
                <![CDATA[U1]]>
              </value>
            </param>
            <param index="2">
              <value>
                <![CDATA[P1]]>
              </value>
            </param>
          </params>
          <reporter-output>
          </reporter-output>
        </test-method> <!-- testBB -->
        <test-method is-config="true" signature="init(org.testng.ITestContext,org.testng.ITestResult)[pri:0, instance:suiteB.TestBB@3e2e18f2]" started-at="2023-12-31T15:12:47 IST" name="init" finished-at="2023-12-31T15:12:47 IST" duration-ms="0" status="PASS">
          <params>
            <param index="0">
              <value>
                <![CDATA[org.testng.TestRunner@6d0b5baf]]>
              </value>
            </param>
            <param index="1">
              <value>
                <![CDATA[[TestResult name={null} status=CREATED method=TestBB.testBB(java.lang.String,java.lang.String,java.lang.String)[pri:0, instance:suiteB.TestBB@3e2e18f2] output={null}]]]>
              </value>
            </param>
          </params>
          <reporter-output>
          </reporter-output>
        </test-method> <!-- init -->
        <test-method is-config="true" signature="quit()[pri:0, instance:suiteB.TestBB@3e2e18f2]" started-at="2023-12-31T15:12:49 IST" name="quit" finished-at="2023-12-31T15:12:49 IST" duration-ms="9" status="PASS">
          <reporter-output>
          </reporter-output>
        </test-method> <!-- quit -->
        <test-method is-config="true" signature="init(org.testng.ITestContext,org.testng.ITestResult)[pri:0, instance:suiteB.TestBB@3e2e18f2]" started-at="2023-12-31T15:12:49 IST" name="init" finished-at="2023-12-31T15:12:49 IST" duration-ms="1" status="PASS">
          <params>
            <param index="0">
              <value>
                <![CDATA[org.testng.TestRunner@6d0b5baf]]>
              </value>
            </param>
            <param index="1">
              <value>
                <![CDATA[[TestResult name={null} status=CREATED method=TestBB.testBB(java.lang.String,java.lang.String,java.lang.String)[pri:0, instance:suiteB.TestBB@3e2e18f2] output={null}]]]>
              </value>
            </param>
          </params>
          <reporter-output>
          </reporter-output>
        </test-method> <!-- init -->
        <test-method signature="testBB(java.lang.String,java.lang.String,java.lang.String)[pri:0, instance:suiteB.TestBB@3e2e18f2]" started-at="2023-12-31T15:12:49 IST" name="testBB" data-provider="datasuiteB" finished-at="2023-12-31T15:12:51 IST" duration-ms="2006" status="PASS">
          <params>
            <param index="0">
              <value>
                <![CDATA[mozilla]]>
              </value>
            </param>
            <param index="1">
              <value>
                <![CDATA[U1]]>
              </value>
            </param>
            <param index="2">
              <value>
                <![CDATA[P1]]>
              </value>
            </param>
          </params>
          <reporter-output>
          </reporter-output>
        </test-method> <!-- testBB -->
        <test-method is-config="true" signature="quit()[pri:0, instance:suiteB.TestBB@3e2e18f2]" started-at="2023-12-31T15:12:51 IST" name="quit" finished-at="2023-12-31T15:12:51 IST" duration-ms="11" status="PASS">
          <reporter-output>
          </reporter-output>
        </test-method> <!-- quit -->
      </class> <!-- suiteB.TestBB -->
    </test> <!-- TestBB -->
  </suite> <!-- SuiteB -->
  <suite started-at="2023-12-31T15:12:51 IST" name="SuiteC" finished-at="2023-12-31T15:12:59 IST" duration-ms="8123">
    <groups>
      <group name="browserGroup1">
        <method signature="TestC.testC(java.lang.String,java.lang.String,java.lang.String)[pri:0, instance:suiteC.TestC@72a7c7e0]" name="testC" class="suiteC.TestC"/>
      </group> <!-- browserGroup1 -->
      <group name="browserGroup2">
        <method signature="TestCC.testCC(java.lang.String,java.lang.String,java.lang.String)[pri:0, instance:suiteC.TestCC@5a63f509]" name="testCC" class="suiteC.TestCC"/>
      </group> <!-- browserGroup2 -->
      <group name="smoke">
        <method signature="TestCC.testCC(java.lang.String,java.lang.String,java.lang.String)[pri:0, instance:suiteC.TestCC@5a63f509]" name="testCC" class="suiteC.TestCC"/>
      </group> <!-- smoke -->
      <group name="sanity">
        <method signature="TestC.testC(java.lang.String,java.lang.String,java.lang.String)[pri:0, instance:suiteC.TestC@72a7c7e0]" name="testC" class="suiteC.TestC"/>
      </group> <!-- sanity -->
    </groups>
    <test started-at="2023-12-31T15:12:51 IST" name="TestC" finished-at="2023-12-31T15:12:55 IST" duration-ms="4063">
      <class name="suiteC.TestC">
        <test-method signature="testC(java.lang.String,java.lang.String,java.lang.String)[pri:0, instance:suiteC.TestC@72a7c7e0]" started-at="2023-12-31T15:12:51 IST" name="testC" data-provider="datasuiteC" finished-at="2023-12-31T15:12:53 IST" duration-ms="2009" status="PASS">
          <params>
            <param index="0">
              <value>
                <![CDATA[chrome]]>
              </value>
            </param>
            <param index="1">
              <value>
                <![CDATA[U1]]>
              </value>
            </param>
            <param index="2">
              <value>
                <![CDATA[P1]]>
              </value>
            </param>
          </params>
          <reporter-output>
          </reporter-output>
        </test-method> <!-- testC -->
        <test-method is-config="true" signature="init(org.testng.ITestContext,org.testng.ITestResult)[pri:0, instance:suiteC.TestC@72a7c7e0]" started-at="2023-12-31T15:12:51 IST" name="init" finished-at="2023-12-31T15:12:51 IST" duration-ms="0" status="PASS">
          <params>
            <param index="0">
              <value>
                <![CDATA[org.testng.TestRunner@34a75079]]>
              </value>
            </param>
            <param index="1">
              <value>
                <![CDATA[[TestResult name={null} status=CREATED method=TestC.testC(java.lang.String,java.lang.String,java.lang.String)[pri:0, instance:suiteC.TestC@72a7c7e0] output={null}]]]>
              </value>
            </param>
          </params>
          <reporter-output>
          </reporter-output>
        </test-method> <!-- init -->
        <test-method is-config="true" signature="quit()[pri:0, instance:suiteC.TestC@72a7c7e0]" started-at="2023-12-31T15:12:53 IST" name="quit" finished-at="2023-12-31T15:12:53 IST" duration-ms="25" status="PASS">
          <reporter-output>
          </reporter-output>
        </test-method> <!-- quit -->
        <test-method is-config="true" signature="init(org.testng.ITestContext,org.testng.ITestResult)[pri:0, instance:suiteC.TestC@72a7c7e0]" started-at="2023-12-31T15:12:53 IST" name="init" finished-at="2023-12-31T15:12:53 IST" duration-ms="1" status="PASS">
          <params>
            <param index="0">
              <value>
                <![CDATA[org.testng.TestRunner@34a75079]]>
              </value>
            </param>
            <param index="1">
              <value>
                <![CDATA[[TestResult name={null} status=CREATED method=TestC.testC(java.lang.String,java.lang.String,java.lang.String)[pri:0, instance:suiteC.TestC@72a7c7e0] output={null}]]]>
              </value>
            </param>
          </params>
          <reporter-output>
          </reporter-output>
        </test-method> <!-- init -->
        <test-method signature="testC(java.lang.String,java.lang.String,java.lang.String)[pri:0, instance:suiteC.TestC@72a7c7e0]" started-at="2023-12-31T15:12:53 IST" name="testC" data-provider="datasuiteC" finished-at="2023-12-31T15:12:55 IST" duration-ms="2004" status="PASS">
          <params>
            <param index="0">
              <value>
                <![CDATA[mozilla]]>
              </value>
            </param>
            <param index="1">
              <value>
                <![CDATA[U1]]>
              </value>
            </param>
            <param index="2">
              <value>
                <![CDATA[P1]]>
              </value>
            </param>
          </params>
          <reporter-output>
          </reporter-output>
        </test-method> <!-- testC -->
        <test-method is-config="true" signature="quit()[pri:0, instance:suiteC.TestC@72a7c7e0]" started-at="2023-12-31T15:12:55 IST" name="quit" finished-at="2023-12-31T15:12:55 IST" duration-ms="21" status="PASS">
          <reporter-output>
          </reporter-output>
        </test-method> <!-- quit -->
      </class> <!-- suiteC.TestC -->
    </test> <!-- TestC -->
    <test started-at="2023-12-31T15:12:55 IST" name="TestCC" finished-at="2023-12-31T15:12:59 IST" duration-ms="4056">
      <class name="suiteC.TestCC">
        <test-method is-config="true" signature="init(org.testng.ITestContext,org.testng.ITestResult)[pri:0, instance:suiteC.TestCC@5a63f509]" started-at="2023-12-31T15:12:55 IST" name="init" finished-at="2023-12-31T15:12:55 IST" duration-ms="0" status="PASS">
          <params>
            <param index="0">
              <value>
                <![CDATA[org.testng.TestRunner@1643d68f]]>
              </value>
            </param>
            <param index="1">
              <value>
                <![CDATA[[TestResult name={null} status=CREATED method=TestCC.testCC(java.lang.String,java.lang.String,java.lang.String)[pri:0, instance:suiteC.TestCC@5a63f509] output={null}]]]>
              </value>
            </param>
          </params>
          <reporter-output>
          </reporter-output>
        </test-method> <!-- init -->
        <test-method signature="testCC(java.lang.String,java.lang.String,java.lang.String)[pri:0, instance:suiteC.TestCC@5a63f509]" started-at="2023-12-31T15:12:55 IST" name="testCC" data-provider="datasuiteC" finished-at="2023-12-31T15:12:57 IST" duration-ms="2009" status="PASS">
          <params>
            <param index="0">
              <value is-null="true"/>
            </param>
            <param index="1">
              <value>
                <![CDATA[U1]]>
              </value>
            </param>
            <param index="2">
              <value>
                <![CDATA[P1]]>
              </value>
            </param>
          </params>
          <reporter-output>
          </reporter-output>
        </test-method> <!-- testCC -->
        <test-method is-config="true" signature="quit()[pri:0, instance:suiteC.TestCC@5a63f509]" started-at="2023-12-31T15:12:57 IST" name="quit" finished-at="2023-12-31T15:12:57 IST" duration-ms="16" status="PASS">
          <reporter-output>
          </reporter-output>
        </test-method> <!-- quit -->
        <test-method signature="testCC(java.lang.String,java.lang.String,java.lang.String)[pri:0, instance:suiteC.TestCC@5a63f509]" started-at="2023-12-31T15:12:57 IST" name="testCC" data-provider="datasuiteC" finished-at="2023-12-31T15:12:59 IST" duration-ms="2004" status="PASS">
          <params>
            <param index="0">
              <value>
                <![CDATA[mozilla]]>
              </value>
            </param>
            <param index="1">
              <value>
                <![CDATA[U1]]>
              </value>
            </param>
            <param index="2">
              <value>
                <![CDATA[P1]]>
              </value>
            </param>
          </params>
          <reporter-output>
          </reporter-output>
        </test-method> <!-- testCC -->
        <test-method is-config="true" signature="init(org.testng.ITestContext,org.testng.ITestResult)[pri:0, instance:suiteC.TestCC@5a63f509]" started-at="2023-12-31T15:12:57 IST" name="init" finished-at="2023-12-31T15:12:57 IST" duration-ms="0" status="PASS">
          <params>
            <param index="0">
              <value>
                <![CDATA[org.testng.TestRunner@1643d68f]]>
              </value>
            </param>
            <param index="1">
              <value>
                <![CDATA[[TestResult name={null} status=CREATED method=TestCC.testCC(java.lang.String,java.lang.String,java.lang.String)[pri:0, instance:suiteC.TestCC@5a63f509] output={null}]]]>
              </value>
            </param>
          </params>
          <reporter-output>
          </reporter-output>
        </test-method> <!-- init -->
        <test-method is-config="true" signature="quit()[pri:0, instance:suiteC.TestCC@5a63f509]" started-at="2023-12-31T15:12:59 IST" name="quit" finished-at="2023-12-31T15:12:59 IST" duration-ms="24" status="PASS">
          <reporter-output>
          </reporter-output>
        </test-method> <!-- quit -->
      </class> <!-- suiteC.TestCC -->
    </test> <!-- TestCC -->
  </suite> <!-- SuiteC -->
</testng-results>
