<?xml version="1.0" encoding="UTF-8"?>
<testsuite xmlns:xsi="http://www.w3.org/2001/XMLSchema-instance" xsi:noNamespaceSchemaLocation="https://maven.apache.org/surefire/maven-surefire-plugin/xsd/surefire-test-report-3.0.xsd" version="3.0" name="TestSuite" time="21.121" tests="12" errors="0" skipped="0" failures="2">
  <properties>
[...]
</properties>
  <testcase name="testA[chrome, U1, P1](1)" classname="suiteA.TestA" time="2.035">
    <failure message="The following asserts failed:&#10;	Title Do not match,&#10;	Failing and stopping the test case" type="java.lang.AssertionError"><![CDATA[java.lang.AssertionError: 
The following asserts failed:
	Title Do not match,
	Failing and stopping the test case
	at org.testng.asserts.SoftAssert.assertAll(SoftAssert.java:47)
	at org.testng.asserts.SoftAssert.assertAll(SoftAssert.java:31)
	at testSuiteBase.testbase.failandstoptest(testbase.java:67)
	at suiteA.TestA.testA(TestA.java:28)
	at java.base/jdk.internal.reflect.DirectMethodHandleAccessor.invoke(DirectMethodHandleAccessor.java:104)
	at java.base/java.lang.reflect.Method.invoke(Method.java:578)
	at org.testng.internal.MethodInvocationHelper.invokeMethod(MethodInvocationHelper.java:133)
	at org.testng.internal.TestInvoker.invokeMethod(TestInvoker.java:598)
	at org.testng.internal.TestInvoker.invokeTestMethod(TestInvoker.java:173)
	at org.testng.internal.MethodRunner.runInSequence(MethodRunner.java:46)
	at org.testng.internal.TestInvoker$MethodInvocationAgent.invoke(TestInvoker.java:824)
	at org.testng.internal.TestInvoker.invokeTestMethods(TestInvoker.java:146)
	at org.testng.internal.TestMethodWorker.invokeTestMethods(TestMethodWorker.java:146)
	at org.testng.internal.TestMethodWorker.run(TestMethodWorker.java:128)
	at java.base/java.util.ArrayList.forEach(ArrayList.java:1511)
	at org.testng.TestRunner.privateRun(TestRunner.java:794)
	at org.testng.TestRunner.run(TestRunner.java:596)
	at org.testng.SuiteRunner.runTest(SuiteRunner.java:377)
	at org.testng.SuiteRunner.runSequentially(SuiteRunner.java:371)
	at org.testng.SuiteRunner.privateRun(SuiteRunner.java:332)
	at org.testng.SuiteRunner.run(SuiteRunner.java:276)
	at org.testng.SuiteRunnerWorker.runSuite(SuiteRunnerWorker.java:53)
	at org.testng.SuiteRunnerWorker.run(SuiteRunnerWorker.java:96)
	at org.testng.TestNG.runSuitesSequentially(TestNG.java:1212)
	at org.testng.TestNG.runSuitesSequentially(TestNG.java:1207)
	at org.testng.TestNG.runSuitesLocally(TestNG.java:1134)
	at org.testng.TestNG.runSuites(TestNG.java:1063)
	at org.testng.TestNG.run(TestNG.java:1031)
	at org.apache.maven.surefire.testng.TestNGExecutor.run(TestNGExecutor.java:308)
	at org.apache.maven.surefire.testng.TestNGXmlTestSuite.execute(TestNGXmlTestSuite.java:71)
	at org.apache.maven.surefire.testng.TestNGProvider.invoke(TestNGProvider.java:113)
	at org.apache.maven.surefire.booter.ForkedBooter.runSuitesInProcess(ForkedBooter.java:385)
	at org.apache.maven.surefire.booter.ForkedBooter.execute(ForkedBooter.java:162)
	at org.apache.maven.surefire.booter.ForkedBooter.run(ForkedBooter.java:507)
	at org.apache.maven.surefire.booter.ForkedBooter.main(ForkedBooter.java:495)
]]></failure>
    <system-out><![CDATA[[TestNG] [WARN] Ignoring duplicate listener : listener.MyTestListener
[TestNG] [WARN] Ignoring duplicate listener : listener.MyTestListener
[TestNG] [WARN] Ignoring duplicate listener : listener.MyTestListener
Data for Suite A 2
Sun Dec 31 15-12-38 IST 2023
browserGroup1
sanity
Starting testA ----- ---chrome
Title do not match
]]></system-out>
  </testcase>
  <testcase name="testA[Mozilla, U1, P1](2)" classname="suiteA.TestA" time="2.008">
    <failure message="The following asserts failed:&#10;	Title Do not match,&#10;	Failing and stopping the test case" type="java.lang.AssertionError"><![CDATA[java.lang.AssertionError: 
The following asserts failed:
	Title Do not match,
	Failing and stopping the test case
	at org.testng.asserts.SoftAssert.assertAll(SoftAssert.java:47)
	at org.testng.asserts.SoftAssert.assertAll(SoftAssert.java:31)
	at testSuiteBase.testbase.failandstoptest(testbase.java:67)
	at suiteA.TestA.testA(TestA.java:28)
	at java.base/jdk.internal.reflect.DirectMethodHandleAccessor.invoke(DirectMethodHandleAccessor.java:104)
	at java.base/java.lang.reflect.Method.invoke(Method.java:578)
	at org.testng.internal.MethodInvocationHelper.invokeMethod(MethodInvocationHelper.java:133)
	at org.testng.internal.TestInvoker.invokeMethod(TestInvoker.java:598)
	at org.testng.internal.TestInvoker.invokeTestMethod(TestInvoker.java:173)
	at org.testng.internal.MethodRunner.runInSequence(MethodRunner.java:46)
	at org.testng.internal.TestInvoker$MethodInvocationAgent.invoke(TestInvoker.java:824)
	at org.testng.internal.TestInvoker.invokeTestMethods(TestInvoker.java:146)
	at org.testng.internal.TestMethodWorker.invokeTestMethods(TestMethodWorker.java:146)
	at org.testng.internal.TestMethodWorker.run(TestMethodWorker.java:128)
	at java.base/java.util.ArrayList.forEach(ArrayList.java:1511)
	at org.testng.TestRunner.privateRun(TestRunner.java:794)
	at org.testng.TestRunner.run(TestRunner.java:596)
	at org.testng.SuiteRunner.runTest(SuiteRunner.java:377)
	at org.testng.SuiteRunner.runSequentially(SuiteRunner.java:371)
	at org.testng.SuiteRunner.privateRun(SuiteRunner.java:332)
	at org.testng.SuiteRunner.run(SuiteRunner.java:276)
	at org.testng.SuiteRunnerWorker.runSuite(SuiteRunnerWorker.java:53)
	at org.testng.SuiteRunnerWorker.run(SuiteRunnerWorker.java:96)
	at org.testng.TestNG.runSuitesSequentially(TestNG.java:1212)
	at org.testng.TestNG.runSuitesSequentially(TestNG.java:1207)
	at org.testng.TestNG.runSuitesLocally(TestNG.java:1134)
	at org.testng.TestNG.runSuites(TestNG.java:1063)
	at org.testng.TestNG.run(TestNG.java:1031)
	at org.apache.maven.surefire.testng.TestNGExecutor.run(TestNGExecutor.java:308)
	at org.apache.maven.surefire.testng.TestNGXmlTestSuite.execute(TestNGXmlTestSuite.java:71)
	at org.apache.maven.surefire.testng.TestNGProvider.invoke(TestNGProvider.java:113)
	at org.apache.maven.surefire.booter.ForkedBooter.runSuitesInProcess(ForkedBooter.java:385)
	at org.apache.maven.surefire.booter.ForkedBooter.execute(ForkedBooter.java:162)
	at org.apache.maven.surefire.booter.ForkedBooter.run(ForkedBooter.java:507)
	at org.apache.maven.surefire.booter.ForkedBooter.main(ForkedBooter.java:495)
]]></failure>
    <system-out><![CDATA[Test Failed
browserGroup1
sanity
Starting testA ----- ---Mozilla
Title do not match
]]></system-out>
  </testcase>
  <testcase name="testAA[Firefox, U1, P1](1)" classname="suiteA.TestAA" time="0.0">
    <system-out><![CDATA[Test Failed
Data for Suite A 2
browserGroup1
smoke
sanity
Starting testAA ----- ---Firefox
]]></system-out>
  </testcase>
  <testcase name="testAA[Ie, U1, P1](2)" classname="suiteA.TestAA" time="0.0">
    <system-out><![CDATA[Test Passed
browserGroup1
smoke
sanity
Starting testAA ----- ---Ie
]]></system-out>
  </testcase>
  <testcase name="testB[mozilla, U1, P1](1)" classname="suiteB.TestB" time="2.006">
    <system-out><![CDATA[Test Passed
Data for Suite B 2
browserGroup2
smoke
Starting testB ----- ---mozilla
]]></system-out>
  </testcase>
  <testcase name="testB[chrome, U1, P1](2)" classname="suiteB.TestB" time="2.006">
    <system-out><![CDATA[Test Passed
browserGroup2
smoke
Starting testB ----- ---chrome
]]></system-out>
  </testcase>
  <testcase name="testBB[chrome, U1, P1](1)" classname="suiteB.TestBB" time="2.004">
    <system-out><![CDATA[Test Passed
Data for Suite B 2
browserGroup1
smoke
sanity
Starting testBB ----- ---chrome
]]></system-out>
  </testcase>
  <testcase name="testBB[mozilla, U1, P1](2)" classname="suiteB.TestBB" time="2.006">
    <system-out><![CDATA[Test Passed
browserGroup1
smoke
sanity
Starting testBB ----- ---mozilla
]]></system-out>
  </testcase>
  <testcase name="testC[chrome, U1, P1](1)" classname="suiteC.TestC" time="2.008">
    <system-out><![CDATA[Test Passed
Data for Suite C 2
browserGroup1
sanity
Starting testC ----- ---chrome
]]></system-out>
  </testcase>
  <testcase name="testC[mozilla, U1, P1](2)" classname="suiteC.TestC" time="2.004">
    <system-out><![CDATA[Test Passed
browserGroup1
sanity
Starting testC ----- ---mozilla
]]></system-out>
  </testcase>
  <testcase name="testCC[null, U1, P1](1)" classname="suiteC.TestCC" time="2.009">
    <system-out><![CDATA[Test Passed
Data for Suite C 2
browserGroup2
smoke
Starting testCC ----- ---null
]]></system-out>
  </testcase>
  <testcase name="testCC[mozilla, U1, P1](2)" classname="suiteC.TestCC" time="2.004">
    <system-out><![CDATA[Test Passed
browserGroup2
smoke
Starting testCC ----- ---mozilla
]]></system-out>
  </testcase>
</testsuite>